<?xml version="1.0" encoding="UTF-8"?>
<!-- Generated by org.testng.reporters.JUnitReportReporter -->
<testsuite skipped="0" hostname="BDC8-D-6P2HH92" name="Voicezone_Runner.TestRunner" tests="1" failures="0" timestamp="26 Mar 2018 07:11:25 GMT" time="0.441" errors="0">
  <testcase name="feature" time="0.441" classname="Voicezone_Runner.TestRunner"/>
</testsuite> <!-- Voicezone_Runner.TestRunner -->
